<?xml version="1.0" encoding="UTF-8"?>
<!-- Generated by org.testng.reporters.JUnitXMLReporter -->
<testsuite hostname="Clayton" ignored="1" name="Test Create User Tab" tests="6" failures="5" timestamp="21 Feb 2018 14:54:07 GMT" time="68.301" errors="0">
  <testcase name="RunningCreateUserTabTests" time="0.001" classname="com.revature.test.admin.testclasses.CreateUserTest"/>
  <testcase name="CreateAdmin" time="12.944" classname="com.revature.test.admin.testclasses.CreateUserTest">
    <failure type="java.lang.AssertionError" message="Error: Failed to create new Administrater">
      <![CDATA[java.lang.AssertionError: Error: Failed to create new Administraterat com.revature.test.admin.testclasses.CreateUserTest.CreateAdmin(CreateUserTest.java:69)... Removed 26 stack frames]]>
    </failure>
  </testcase> <!-- CreateAdmin -->
  <testcase name="CreateManager" time="12.87" classname="com.revature.test.admin.testclasses.CreateUserTest">
    <failure type="java.lang.AssertionError" message="Error: Failed to create new Manager">
      <![CDATA[java.lang.AssertionError: Error: Failed to create new Managerat com.revature.test.admin.testclasses.CreateUserTest.CreateManager(CreateUserTest.java:86)... Removed 26 stack frames]]>
    </failure>
  </testcase> <!-- CreateManager -->
  <testcase name="CreateVP" time="12.849" classname="com.revature.test.admin.testclasses.CreateUserTest">
    <failure type="java.lang.AssertionError" message="Error: Failed to create new Vice President">
      <![CDATA[java.lang.AssertionError: Error: Failed to create new Vice Presidentat com.revature.test.admin.testclasses.CreateUserTest.CreateVP(CreateUserTest.java:103)... Removed 26 stack frames]]>
    </failure>
  </testcase> <!-- CreateVP -->
  <testcase name="CreateAssociate" time="12.799" classname="com.revature.test.admin.testclasses.CreateUserTest">
    <failure type="java.lang.AssertionError" message="Error: Failed to create new Associate">
      <![CDATA[java.lang.AssertionError: Error: Failed to create new Associateat com.revature.test.admin.testclasses.CreateUserTest.CreateAssociate(CreateUserTest.java:120)... Removed 26 stack frames]]>
    </failure>
  </testcase> <!-- CreateAssociate -->
  <testcase name="CreateAssociateDuplicateUsername" time="3.731" classname="com.revature.test.admin.testclasses.CreateUserTest">
    <failure type="java.lang.AssertionError" message="Error: Failed to create new Associate">
      <![CDATA[java.lang.AssertionError: Error: Failed to create new Associateat com.revature.test.admin.testclasses.CreateUserTest.CreateAssociateDuplicateUsername(CreateUserTest.java:138)... Removed 26 stack frames]]>
    </failure>
  </testcase> <!-- CreateAssociateDuplicateUsername -->
  <testcase name="CreateAssociatePasswordMismatch" time="0.0" classname="com.revature.test.admin.testclasses.CreateUserTest">
    <ignored/>
  </testcase> <!-- CreateAssociatePasswordMismatch -->
</testsuite> <!-- Test Create User Tab -->
