<!DOCTYPE html PUBLIC "-//W3C//DTD XHTML 1.1//EN" "http://www.w3.org/TR/xhtml11/DTD/xhtml11.dtd">
<html xmlns="http://www.w3.org/1999/xhtml">
<head>
<meta http-equiv="content-type" content="text/html; charset=UTF-8"/>
<title>TestNG Report</title>
<style type="text/css">table {margin-bottom:10px;border-collapse:collapse;empty-cells:show}th,td {border:1px solid #009;padding:.25em .5em}th {vertical-align:bottom}td {vertical-align:top}table a {font-weight:bold}.stripe td {background-color: #E6EBF9}.num {text-align:right}.passedodd td {background-color: #3F3}.passedeven td {background-color: #0A0}.skippedodd td {background-color: #DDD}.skippedeven td {background-color: #CCC}.failedodd td,.attn {background-color: #F33}.failedeven td,.stripe .attn {background-color: #D00}.stacktrace {white-space:pre;font-family:monospace}.totop {font-size:85%;text-align:center;border-bottom:2px solid #000}.invisible {display:none}</style>
</head>
<body>
<table>
<tr><th>Test</th><th># Passed</th><th># Skipped</th><th># Failed</th><th>Time (ms)</th><th>Included Groups</th><th>Excluded Groups</th></tr>
<tr><th colspan="7">Trainer Tests</th></tr>
<tr><td><a href="#t0">Test Home Tab</a></td><td class="num">3</td><td class="num">0</td><td class="num">0</td><td class="num">4,734</td><td></td><td></td></tr>
<tr class="stripe"><td><a href="#t1">Test Client List Tab</a></td><td class="num">3</td><td class="num">0</td><td class="num attn">4</td><td class="num">40,389</td><td></td><td></td></tr>
<tr><td><a href="#t2">Test Batch List Tab</a></td><td class="num">9</td><td class="num">0</td><td class="num attn">3</td><td class="num">44,918</td><td></td><td></td></tr>
<tr class="stripe"><td><a href="#t3">Test Associate List Tab</a></td><td class="num">2</td><td class="num">0</td><td class="num">0</td><td class="num">12,565</td><td></td><td></td></tr>
<tr><td><a href="#t4">Test Create User Tab</a></td><td class="num">1</td><td class="num">0</td><td class="num attn">5</td><td class="num">68,301</td><td></td><td></td></tr>
<tr><th>Total</th><th class="num">18</th><th class="num">0</th><th class="num attn">12</th><th class="num">170,907</th><th colspan="2"></th></tr>
</table>
<table id='summary'><thead><tr><th>Class</th><th>Method</th><th>Start</th><th>Time (ms)</th></tr></thead><tbody><tr><th colspan="4">Trainer Tests</th></tr></tbody><tbody id="t0"><tr><th colspan="4">Test Home Tab &#8212; passed</th></tr><tr class="passedeven"><td rowspan="3">com.revature.test.admin.testclasses.HomeTest</td><td><a href="#m0">NavigateToHomeTab</a></td><td rowspan="1">1519224676551</td><td rowspan="1">2294</td></tr><tr class="passedeven"><td><a href="#m1">clickEmail</a></td><td rowspan="1">1519224678851</td><td rowspan="1">1186</td></tr><tr class="passedeven"><td><a href="#m2">clickWebSite</a></td><td rowspan="1">1519224680040</td><td rowspan="1">1204</td></tr></tbody>
<tbody id="t1"><tr><th colspan="4">Test Client List Tab &#8212; failed</th></tr><tr class="failedeven"><td rowspan="4">com.revature.test.admin.testclasses.ClientListTest</td><td><a href="#m3">ClickAndViewClientData</a></td><td rowspan="1">1519224701268</td><td rowspan="1">2466</td></tr><tr class="failedeven"><td><a href="#m4">SearchAndViewClientData</a></td><td rowspan="1">1519224689182</td><td rowspan="1">11205</td></tr><tr class="failedeven"><td><a href="#m5">SearchButClickClientAndViewClientData</a></td><td rowspan="1">1519224716744</td><td rowspan="1">5089</td></tr><tr class="failedeven"><td><a href="#m6">SearchButSearchAnotherAndViewClientData</a></td><td rowspan="1">1519224703737</td><td rowspan="1">9410</td></tr><tr><th colspan="4">Test Client List Tab &#8212; passed</th></tr><tr class="passedeven"><td rowspan="3">com.revature.test.admin.testclasses.ClientListTest</td><td><a href="#m7">NavigateToCreateUserTab</a></td><td rowspan="1">1519224681450</td><td rowspan="1">7729</td></tr><tr class="passedeven"><td><a href="#m8">SearchButClickViewAllClientData</a></td><td rowspan="1">1519224713150</td><td rowspan="1">3592</td></tr><tr class="passedeven"><td><a href="#m9">ViewAllClientData</a></td><td rowspan="1">1519224700395</td><td rowspan="1">870</td></tr></tbody>
<tbody id="t2"><tr><th colspan="4">Test Batch List Tab &#8212; failed</th></tr><tr class="failedeven"><td rowspan="3">com.revature.test.admin.testclasses.BatchListTest</td><td><a href="#m10">BatchNameTest</a></td><td rowspan="1">1519224726192</td><td rowspan="1">30562</td></tr><tr class="failedeven"><td><a href="#m11">InputFromDateFields</a></td><td rowspan="1">1519224756757</td><td rowspan="1">371</td></tr><tr class="failedeven"><td><a href="#m12">InputToDateFields</a></td><td rowspan="1">1519224757131</td><td rowspan="1">364</td></tr><tr><th colspan="4">Test Batch List Tab &#8212; passed</th></tr><tr class="passedeven"><td rowspan="9">com.revature.test.admin.testclasses.BatchListTest</td><td><a href="#m13">ClickFromField</a></td><td rowspan="1">1519224757508</td><td rowspan="1">705</td></tr><tr class="passedeven"><td><a href="#m14">ClickReset</a></td><td rowspan="1">1519224760076</td><td rowspan="1">184</td></tr><tr class="passedeven"><td><a href="#m15">ClickSubmit</a></td><td rowspan="1">1519224759766</td><td rowspan="1">145</td></tr><tr class="passedeven"><td><a href="#m16">ClickToField</a></td><td rowspan="1">1519224758216</td><td rowspan="1">1548</td></tr><tr class="passedeven"><td><a href="#m17">FindAllBatchesTag</a></td><td rowspan="1">1519224725127</td><td rowspan="1">1063</td></tr><tr class="passedeven"><td><a href="#m18">NavigateToBatchListTab</a></td><td rowspan="1">1519224721887</td><td rowspan="1">3238</td></tr><tr class="passedeven"><td><a href="#m19">allBatchesShowing</a></td><td rowspan="1">1519224760262</td><td rowspan="1">1115</td></tr><tr class="passedeven"><td><a href="#m20">areResultsCorrect</a></td><td rowspan="1">1519224759913</td><td rowspan="1">161</td></tr><tr class="passedeven"><td><a href="#m21">useCase1</a></td><td rowspan="1">1519224761379</td><td rowspan="1">5422</td></tr></tbody>
<tbody id="t3"><tr><th colspan="4">Test Associate List Tab &#8212; passed</th></tr><tr class="passedeven"><td rowspan="2">com.revature.test.admin.testclasses.AssociateListTest</td><td><a href="#m22">EditAssociateInformation</a></td><td rowspan="1">1519224769053</td><td rowspan="1">10328</td></tr><tr class="passedeven"><td><a href="#m23">NavigateToAssociateListTab</a></td><td rowspan="1">1519224766820</td><td rowspan="1">2231</td></tr></tbody>
<tbody id="t4"><tr><th colspan="4">Test Create User Tab &#8212; failed</th></tr><tr class="failedeven"><td rowspan="5">com.revature.test.admin.testclasses.CreateUserTest</td><td><a href="#m24">CreateAdmin</a></td><td rowspan="1">1519224783905</td><td rowspan="1">12944</td></tr><tr class="failedeven"><td><a href="#m25">CreateAssociate</a></td><td rowspan="1">1519224829054</td><td rowspan="1">12799</td></tr><tr class="failedeven"><td><a href="#m26">CreateAssociateDuplicateUsername</a></td><td rowspan="1">1519224844021</td><td rowspan="1">3731</td></tr><tr class="failedeven"><td><a href="#m27">CreateManager</a></td><td rowspan="1">1519224799053</td><td rowspan="1">12870</td></tr><tr class="failedeven"><td><a href="#m28">CreateVP</a></td><td rowspan="1">1519224814052</td><td rowspan="1">12849</td></tr><tr><th colspan="4">Test Create User Tab &#8212; passed</th></tr><tr class="passedeven"><td rowspan="1">com.revature.test.admin.testclasses.CreateUserTest</td><td><a href="#m29">RunningCreateUserTabTests</a></td><td rowspan="1">1519224781748</td><td rowspan="1">1</td></tr></tbody>
</table>
<h2>Test Home Tab</h2><h3 id="m0">com.revature.test.admin.testclasses.HomeTest#NavigateToHomeTab</h3><table class="result"><tr><th class="invisible"/></tr></table><p class="totop"><a href="#summary">back to summary</a></p>
<h3 id="m1">com.revature.test.admin.testclasses.HomeTest#clickEmail</h3><table class="result"><tr><th class="invisible"/></tr></table><p class="totop"><a href="#summary">back to summary</a></p>
<h3 id="m2">com.revature.test.admin.testclasses.HomeTest#clickWebSite</h3><table class="result"><tr><th class="invisible"/></tr></table><p class="totop"><a href="#summary">back to summary</a></p>
<h2>Test Client List Tab</h2><h3 id="m3">com.revature.test.admin.testclasses.ClientListTest#ClickAndViewClientData</h3><table class="result"><tr><th>Exception</th></tr><tr><td><div class="stacktrace">java.lang.AssertionError: Error: Failed to select client from list and view their data
	at com.revature.test.admin.testclasses.ClientListTest.ClickAndViewClientData(ClientListTest.java:81)
... Removed 26 stack frames</div></td></tr></table><p class="totop"><a href="#summary">back to summary</a></p>
<h3 id="m4">com.revature.test.admin.testclasses.ClientListTest#SearchAndViewClientData</h3><table class="result"><tr><th>Exception</th></tr><tr><td><div class="stacktrace">java.lang.AssertionError: Error: Failed to search client by name and view their data
	at com.revature.test.admin.testclasses.ClientListTest.SearchAndViewClientData(ClientListTest.java:56)
... Removed 26 stack frames</div></td></tr></table><p class="totop"><a href="#summary">back to summary</a></p>
<h3 id="m5">com.revature.test.admin.testclasses.ClientListTest#SearchButClickClientAndViewClientData</h3><table class="result"><tr><th>Exception</th></tr><tr><td><div class="stacktrace">java.lang.AssertionError: Error: Failed to search client by name but then select client from list and view their data
	at com.revature.test.admin.testclasses.ClientListTest.SearchButClickClientAndViewClientData(ClientListTest.java:127)
... Removed 26 stack frames</div></td></tr></table><p class="totop"><a href="#summary">back to summary</a></p>
<h3 id="m6">com.revature.test.admin.testclasses.ClientListTest#SearchButSearchAnotherAndViewClientData</h3><table class="result"><tr><th>Exception</th></tr><tr><td><div class="stacktrace">java.lang.AssertionError: Error: Failed to search client by name but then search another client name and view their data
	at com.revature.test.admin.testclasses.ClientListTest.SearchButSearchAnotherAndViewClientData(ClientListTest.java:98)
... Removed 26 stack frames</div></td></tr></table><p class="totop"><a href="#summary">back to summary</a></p>
<h3 id="m7">com.revature.test.admin.testclasses.ClientListTest#NavigateToCreateUserTab</h3><table class="result"><tr><th class="invisible"/></tr></table><p class="totop"><a href="#summary">back to summary</a></p>
<h3 id="m8">com.revature.test.admin.testclasses.ClientListTest#SearchButClickViewAllClientData</h3><table class="result"><tr><th class="invisible"/></tr></table><p class="totop"><a href="#summary">back to summary</a></p>
<h3 id="m9">com.revature.test.admin.testclasses.ClientListTest#ViewAllClientData</h3><table class="result"><tr><th class="invisible"/></tr></table><p class="totop"><a href="#summary">back to summary</a></p>
<h2>Test Batch List Tab</h2><h3 id="m10">com.revature.test.admin.testclasses.BatchListTest#BatchNameTest</h3><table class="result"><tr><th>Exception</th></tr><tr><td><div class="stacktrace">java.lang.AssertionError: Error: Batch Name Test Failed
	at com.revature.test.admin.testclasses.BatchListTest.BatchNameTest(BatchListTest.java:58)
... Removed 26 stack frames</div></td></tr></table><p class="totop"><a href="#summary">back to summary</a></p>
<h3 id="m11">com.revature.test.admin.testclasses.BatchListTest#InputFromDateFields</h3><table class="result"><tr><th>Exception</th></tr><tr><td><div class="stacktrace">java.lang.AssertionError: Error: Could not input a valid date into &apos;from&apos; date field
	at com.revature.test.admin.testclasses.BatchListTest.InputFromDateFields(BatchListTest.java:69)
... Removed 26 stack frames</div></td></tr></table><p class="totop"><a href="#summary">back to summary</a></p>
<h3 id="m12">com.revature.test.admin.testclasses.BatchListTest#InputToDateFields</h3><table class="result"><tr><th>Exception</th></tr><tr><td><div class="stacktrace">java.lang.AssertionError: Error: Could not input a valid date into &apos;to&apos; date field
	at com.revature.test.admin.testclasses.BatchListTest.InputToDateFields(BatchListTest.java:79)
... Removed 26 stack frames</div></td></tr></table><p class="totop"><a href="#summary">back to summary</a></p>
<h3 id="m13">com.revature.test.admin.testclasses.BatchListTest#ClickFromField</h3><table class="result"><tr><th class="invisible"/></tr></table><p class="totop"><a href="#summary">back to summary</a></p>
<h3 id="m14">com.revature.test.admin.testclasses.BatchListTest#ClickReset</h3><table class="result"><tr><th class="invisible"/></tr></table><p class="totop"><a href="#summary">back to summary</a></p>
<h3 id="m15">com.revature.test.admin.testclasses.BatchListTest#ClickSubmit</h3><table class="result"><tr><th class="invisible"/></tr></table><p class="totop"><a href="#summary">back to summary</a></p>
<h3 id="m16">com.revature.test.admin.testclasses.BatchListTest#ClickToField</h3><table class="result"><tr><th class="invisible"/></tr></table><p class="totop"><a href="#summary">back to summary</a></p>
<h3 id="m17">com.revature.test.admin.testclasses.BatchListTest#FindAllBatchesTag</h3><table class="result"><tr><th class="invisible"/></tr></table><p class="totop"><a href="#summary">back to summary</a></p>
<h3 id="m18">com.revature.test.admin.testclasses.BatchListTest#NavigateToBatchListTab</h3><table class="result"><tr><th class="invisible"/></tr></table><p class="totop"><a href="#summary">back to summary</a></p>
<h3 id="m19">com.revature.test.admin.testclasses.BatchListTest#allBatchesShowing</h3><table class="result"><tr><th class="invisible"/></tr></table><p class="totop"><a href="#summary">back to summary</a></p>
<h3 id="m20">com.revature.test.admin.testclasses.BatchListTest#areResultsCorrect</h3><table class="result"><tr><th class="invisible"/></tr></table><p class="totop"><a href="#summary">back to summary</a></p>
<h3 id="m21">com.revature.test.admin.testclasses.BatchListTest#useCase1</h3><table class="result"><tr><th class="invisible"/></tr></table><p class="totop"><a href="#summary">back to summary</a></p>
<h2>Test Associate List Tab</h2><h3 id="m22">com.revature.test.admin.testclasses.AssociateListTest#EditAssociateInformation</h3><table class="result"><tr><th class="invisible"/></tr></table><p class="totop"><a href="#summary">back to summary</a></p>
<h3 id="m23">com.revature.test.admin.testclasses.AssociateListTest#NavigateToAssociateListTab</h3><table class="result"><tr><th class="invisible"/></tr></table><p class="totop"><a href="#summary">back to summary</a></p>
<h2>Test Create User Tab</h2><h3 id="m24">com.revature.test.admin.testclasses.CreateUserTest#CreateAdmin</h3><table class="result"><tr><th>Exception</th></tr><tr><td><div class="stacktrace">java.lang.AssertionError: Error: Failed to create new Administrater
	at com.revature.test.admin.testclasses.CreateUserTest.CreateAdmin(CreateUserTest.java:69)
... Removed 26 stack frames</div></td></tr></table><p class="totop"><a href="#summary">back to summary</a></p>
<h3 id="m25">com.revature.test.admin.testclasses.CreateUserTest#CreateAssociate</h3><table class="result"><tr><th>Exception</th></tr><tr><td><div class="stacktrace">java.lang.AssertionError: Error: Failed to create new Associate
	at com.revature.test.admin.testclasses.CreateUserTest.CreateAssociate(CreateUserTest.java:120)
... Removed 26 stack frames</div></td></tr></table><p class="totop"><a href="#summary">back to summary</a></p>
<h3 id="m26">com.revature.test.admin.testclasses.CreateUserTest#CreateAssociateDuplicateUsername</h3><table class="result"><tr><th>Exception</th></tr><tr><td><div class="stacktrace">java.lang.AssertionError: Error: Failed to create new Associate
	at com.revature.test.admin.testclasses.CreateUserTest.CreateAssociateDuplicateUsername(CreateUserTest.java:138)
... Removed 26 stack frames</div></td></tr></table><p class="totop"><a href="#summary">back to summary</a></p>
<h3 id="m27">com.revature.test.admin.testclasses.CreateUserTest#CreateManager</h3><table class="result"><tr><th>Exception</th></tr><tr><td><div class="stacktrace">java.lang.AssertionError: Error: Failed to create new Manager
	at com.revature.test.admin.testclasses.CreateUserTest.CreateManager(CreateUserTest.java:86)
... Removed 26 stack frames</div></td></tr></table><p class="totop"><a href="#summary">back to summary</a></p>
<h3 id="m28">com.revature.test.admin.testclasses.CreateUserTest#CreateVP</h3><table class="result"><tr><th>Exception</th></tr><tr><td><div class="stacktrace">java.lang.AssertionError: Error: Failed to create new Vice President
	at com.revature.test.admin.testclasses.CreateUserTest.CreateVP(CreateUserTest.java:103)
... Removed 26 stack frames</div></td></tr></table><p class="totop"><a href="#summary">back to summary</a></p>
<h3 id="m29">com.revature.test.admin.testclasses.CreateUserTest#RunningCreateUserTabTests</h3><table class="result"><tr><th class="invisible"/></tr></table><p class="totop"><a href="#summary">back to summary</a></p>
</body>
</html>
